<?xml version="1.0" encoding="UTF-8"?>
<!-- Generated by org.testng.reporters.JUnitReportReporter -->
<testsuite skipped="0" hostname="ip-172-31-20-227" name="test.Admin_Prod_Manage" tests="1" failures="0" timestamp="2021-12-08T13:05:43 UTC" time="43.033" errors="0">
  <testcase name="AdminLogin" time="43.033" classname="test.Admin_Prod_Manage"/>
  <system-out/>
</testsuite> <!-- test.Admin_Prod_Manage -->
