<?xml version="1.0" encoding="UTF-8"?>
<!-- Generated by org.testng.reporters.JUnitReportReporter -->
<testsuite skipped="0" hostname="ip-172-31-20-227" name="testNG.LoginTest" tests="1" failures="0" timestamp="2021-12-04T09:16:37 UTC" time="36.362" errors="0">
  <testcase name="Login" time="36.362" classname="testNG.LoginTest"/>
  <system-out/>
</testsuite> <!-- testNG.LoginTest -->
