<?xml version="1.0" encoding="UTF-8"?>
<!-- Generated by org.testng.reporters.JUnitReportReporter -->
<testsuite skipped="0" hostname="ip-172-31-20-227" name="test.Login_Prod_Purchase" tests="1" failures="0" timestamp="2021-12-08T13:04:47 UTC" time="33.772" errors="0">
  <testcase name="Login" time="33.772" classname="test.Login_Prod_Purchase"/>
  <system-out/>
</testsuite> <!-- test.Login_Prod_Purchase -->
