<?xml version="1.0" encoding="UTF-8"?>
<!-- Generated by org.testng.reporters.JUnitReportReporter -->
<testsuite skipped="0" hostname="ip-172-31-20-227" name="test.BaseClass" tests="2" failures="0" timestamp="2021-12-04T05:33:59 UTC" time="10.817" errors="0">
  <testcase name="Login" time="8.512" classname="test.BaseClass"/>
  <system-out/>
  <testcase name="ViewProducts" time="2.305" classname="test.BaseClass"/>
  <system-out/>
</testsuite> <!-- test.BaseClass -->
