<?xml version="1.0" encoding="UTF-8"?>
<!-- Generated by org.testng.reporters.JUnitReportReporter -->
<testsuite skipped="0" hostname="ip-172-31-20-227" name="test.LoginTest" tests="1" failures="0" timestamp="2021-12-04T08:42:24 UTC" time="34.009" errors="0">
  <testcase name="Login" time="34.009" classname="test.LoginTest"/>
  <system-out/>
</testsuite> <!-- test.LoginTest -->
